CRITICAL - 2021-11-10 04:59:12 --> syntax error, unexpected ')', expecting '{'
#0 C:\xampp\htdocs\themes\system\CodeIgniter.php(359): CodeIgniter\CodeIgniter->tryToRouteIt(NULL)
#1 C:\xampp\htdocs\themes\system\CodeIgniter.php(318): CodeIgniter\CodeIgniter->handleRequest(NULL, Object(Config\Cache), false)
#2 C:\xampp\htdocs\themes\public\index.php(37): CodeIgniter\CodeIgniter->run()
#3 C:\xampp\htdocs\themes\system\Commands\Server\rewrite.php(43): require_once('C:\\xampp\\htdocs...')
#4 {main}
CRITICAL - 2021-11-10 04:59:49 --> syntax error, unexpected ')', expecting '{'
#0 C:\xampp\htdocs\themes\system\CodeIgniter.php(359): CodeIgniter\CodeIgniter->tryToRouteIt(NULL)
#1 C:\xampp\htdocs\themes\system\CodeIgniter.php(318): CodeIgniter\CodeIgniter->handleRequest(NULL, Object(Config\Cache), false)
#2 C:\xampp\htdocs\themes\public\index.php(37): CodeIgniter\CodeIgniter->run()
#3 C:\xampp\htdocs\themes\system\Commands\Server\rewrite.php(43): require_once('C:\\xampp\\htdocs...')
#4 {main}
CRITICAL - 2021-11-10 05:00:20 --> syntax error, unexpected ')', expecting '{'
#0 C:\xampp\htdocs\themes\system\CodeIgniter.php(359): CodeIgniter\CodeIgniter->tryToRouteIt(NULL)
#1 C:\xampp\htdocs\themes\system\CodeIgniter.php(318): CodeIgniter\CodeIgniter->handleRequest(NULL, Object(Config\Cache), false)
#2 C:\xampp\htdocs\themes\public\index.php(37): CodeIgniter\CodeIgniter->run()
#3 C:\xampp\htdocs\themes\system\Commands\Server\rewrite.php(43): require_once('C:\\xampp\\htdocs...')
#4 {main}
CRITICAL - 2021-11-10 05:00:59 --> syntax error, unexpected ')', expecting '{'
#0 C:\xampp\htdocs\themes\system\CodeIgniter.php(359): CodeIgniter\CodeIgniter->tryToRouteIt(NULL)
#1 C:\xampp\htdocs\themes\system\CodeIgniter.php(318): CodeIgniter\CodeIgniter->handleRequest(NULL, Object(Config\Cache), false)
#2 C:\xampp\htdocs\themes\public\index.php(37): CodeIgniter\CodeIgniter->run()
#3 C:\xampp\htdocs\themes\system\Commands\Server\rewrite.php(43): require_once('C:\\xampp\\htdocs...')
#4 {main}
CRITICAL - 2021-11-10 05:16:27 --> Use of undefined constant base - assumed 'base' (this will throw an Error in a future version of PHP)
#0 C:\xampp\htdocs\themes\app\Views\Layout\dashboard-layout.php(287): CodeIgniter\Debug\Exceptions->errorHandler(2, 'Use of undefine...', 'C:\\xampp\\htdocs...', 287, Array)
#1 C:\xampp\htdocs\themes\system\View\View.php(214): include('C:\\xampp\\htdocs...')
#2 C:\xampp\htdocs\themes\system\View\View.php(217): CodeIgniter\View\View->CodeIgniter\View\{closure}()
#3 C:\xampp\htdocs\themes\system\View\View.php(230): CodeIgniter\View\View->render('layout/dashboar...', Array, true)
#4 C:\xampp\htdocs\themes\system\Common.php(1097): CodeIgniter\View\View->render('Dashboard/home', Array, true)
#5 C:\xampp\htdocs\themes\app\Controllers\UserController.php(9): view('Dashboard/home')
#6 C:\xampp\htdocs\themes\system\CodeIgniter.php(824): App\Controllers\UserController->index()
#7 C:\xampp\htdocs\themes\system\CodeIgniter.php(410): CodeIgniter\CodeIgniter->runController(Object(App\Controllers\UserController))
#8 C:\xampp\htdocs\themes\system\CodeIgniter.php(318): CodeIgniter\CodeIgniter->handleRequest(NULL, Object(Config\Cache), false)
#9 C:\xampp\htdocs\themes\public\index.php(37): CodeIgniter\CodeIgniter->run()
#10 C:\xampp\htdocs\themes\system\Commands\Server\rewrite.php(43): require_once('C:\\xampp\\htdocs...')
#11 {main}
CRITICAL - 2021-11-10 05:20:43 --> syntax error, unexpected 'return' (T_RETURN)
#0 C:\xampp\htdocs\themes\system\Autoloader\Autoloader.php(241): CodeIgniter\Autoloader\Autoloader->includeFile('C:\\xampp\\htdocs...')
#1 C:\xampp\htdocs\themes\system\Autoloader\Autoloader.php(219): CodeIgniter\Autoloader\Autoloader->loadInNamespace('App\\Controllers...')
#2 [internal function]: CodeIgniter\Autoloader\Autoloader->loadClass('App\\Controllers...')
#3 [internal function]: spl_autoload_call('App\\Controllers...')
#4 C:\xampp\htdocs\themes\system\CodeIgniter.php(789): class_exists('\\App\\Controller...', true)
#5 C:\xampp\htdocs\themes\system\CodeIgniter.php(397): CodeIgniter\CodeIgniter->startController()
#6 C:\xampp\htdocs\themes\system\CodeIgniter.php(318): CodeIgniter\CodeIgniter->handleRequest(NULL, Object(Config\Cache), false)
#7 C:\xampp\htdocs\themes\public\index.php(37): CodeIgniter\CodeIgniter->run()
#8 C:\xampp\htdocs\themes\system\Commands\Server\rewrite.php(43): require_once('C:\\xampp\\htdocs...')
#9 {main}
CRITICAL - 2021-11-10 05:30:47 --> Invalid file: Dashboard/profile.php
#0 C:\xampp\htdocs\themes\system\View\View.php(198): CodeIgniter\Exceptions\FrameworkException::forInvalidFile('Dashboard/profi...')
#1 C:\xampp\htdocs\themes\system\Common.php(1097): CodeIgniter\View\View->render('Dashboard/profi...', Array, true)
#2 C:\xampp\htdocs\themes\app\Controllers\UserController.php(15): view('Dashboard/profi...', Array)
#3 C:\xampp\htdocs\themes\system\CodeIgniter.php(824): App\Controllers\UserController->profile()
#4 C:\xampp\htdocs\themes\system\CodeIgniter.php(410): CodeIgniter\CodeIgniter->runController(Object(App\Controllers\UserController))
#5 C:\xampp\htdocs\themes\system\CodeIgniter.php(318): CodeIgniter\CodeIgniter->handleRequest(NULL, Object(Config\Cache), false)
#6 C:\xampp\htdocs\themes\public\index.php(37): CodeIgniter\CodeIgniter->run()
#7 C:\xampp\htdocs\themes\system\Commands\Server\rewrite.php(43): require_once('C:\\xampp\\htdocs...')
#8 {main}
